[debug] [2024-03-21T17:06:48.786Z] ----------------------------------------------------------------------
[debug] [2024-03-21T17:06:48.790Z] Command:       C:\Program Files\nodejs\node.exe C:\Users\Xebec\AppData\Roaming\npm\node_modules\firebase-tools\lib\bin\firebase.js init hosting
[debug] [2024-03-21T17:06:48.791Z] CLI Version:   13.4.1
[debug] [2024-03-21T17:06:48.792Z] Platform:      win32
[debug] [2024-03-21T17:06:48.792Z] Node Version:  v18.16.0
[debug] [2024-03-21T17:06:48.794Z] Time:          Thu Mar 21 2024 22:36:48 GMT+0530 (India Standard Time)
[debug] [2024-03-21T17:06:48.794Z] ----------------------------------------------------------------------
[debug] 
[debug] [2024-03-21T17:06:48.984Z] > command requires scopes: ["email","openid","https://www.googleapis.com/auth/cloudplatformprojects.readonly","https://www.googleapis.com/auth/firebase","https://www.googleapis.com/auth/cloud-platform"]
[debug] [2024-03-21T17:06:48.985Z] > authorizing via signed-in user (ardhobe@gmail.com)
[info] 
     ######## #### ########  ######## ########     ###     ######  ########
     ##        ##  ##     ## ##       ##     ##  ##   ##  ##       ##
     ######    ##  ########  ######   ########  #########  ######  ######
     ##        ##  ##    ##  ##       ##     ## ##     ##       ## ##
     ##       #### ##     ## ######## ########  ##     ##  ######  ########

You're about to initialize a Firebase project in this directory:

  C:\Users\Xebec\Desktop\Falshruti\onborda-react-app

Before we get started, keep in mind:

  * You are initializing within an existing Firebase project directory

